<?xml version="1.0" encoding="UTF-8"?>
<testng-results ignored="0" total="0" passed="0" failed="0" skipped="0">
  <reporter-output>
  </reporter-output>
  <suite started-at="2023-02-07T14:29:58 CET" name="BaseTest" finished-at="2023-02-07T14:29:58 CET" duration-ms="7">
    <groups>
    </groups>
    <test started-at="2023-02-07T14:29:58 CET" name="Command line test" finished-at="2023-02-07T14:29:58 CET" duration-ms="7">
    </test> <!-- Command line test -->
  </suite> <!-- BaseTest -->
</testng-results>
